Determining if the pthread_create exist failed with the following output:
Change Dir: /home/ubuntu/catkin_ws/src/ORB_SLAM2_hh1/build/CMakeFiles/CMakeTmp

Run Build Command:"/usr/bin/make" "cmTC_bd0a4/fast"
/usr/bin/make -f CMakeFiles/cmTC_bd0a4.dir/build.make CMakeFiles/cmTC_bd0a4.dir/build
make[1]: 进入目录“/home/ubuntu/catkin_ws/src/ORB_SLAM2_hh1/build/CMakeFiles/CMakeTmp”
Building C object CMakeFiles/cmTC_bd0a4.dir/CheckSymbolExists.c.o
/usr/bin/cc   -Wall  -O3 -march=native     -o CMakeFiles/cmTC_bd0a4.dir/CheckSymbolExists.c.o   -c /home/ubuntu/catkin_ws/src/ORB_SLAM2_hh1/build/CMakeFiles/CMakeTmp/CheckSymbolExists.c
Linking C executable cmTC_bd0a4
/usr/bin/cmake -E cmake_link_script CMakeFiles/cmTC_bd0a4.dir/link.txt --verbose=1
/usr/bin/cc   -Wall  -O3 -march=native      -rdynamic CMakeFiles/cmTC_bd0a4.dir/CheckSymbolExists.c.o  -o cmTC_bd0a4 
CMakeFiles/cmTC_bd0a4.dir/CheckSymbolExists.c.o：在函数‘main’中：
CheckSymbolExists.c:(.text.startup+0x3)：对‘pthread_create’未定义的引用
collect2: error: ld returned 1 exit status
CMakeFiles/cmTC_bd0a4.dir/build.make:97: recipe for target 'cmTC_bd0a4' failed
make[1]: *** [cmTC_bd0a4] Error 1
make[1]: 离开目录“/home/ubuntu/catkin_ws/src/ORB_SLAM2_hh1/build/CMakeFiles/CMakeTmp”
Makefile:126: recipe for target 'cmTC_bd0a4/fast' failed
make: *** [cmTC_bd0a4/fast] Error 2

File /home/ubuntu/catkin_ws/src/ORB_SLAM2_hh1/build/CMakeFiles/CMakeTmp/CheckSymbolExists.c:
/* */
#include <pthread.h>

int main(int argc, char** argv)
{
  (void)argv;
#ifndef pthread_create
  return ((int*)(&pthread_create))[argc];
#else
  (void)argc;
  return 0;
#endif
}

Determining if the function pthread_create exists in the pthreads failed with the following output:
Change Dir: /home/ubuntu/catkin_ws/src/ORB_SLAM2_hh1/build/CMakeFiles/CMakeTmp

Run Build Command:"/usr/bin/make" "cmTC_e1ec5/fast"
/usr/bin/make -f CMakeFiles/cmTC_e1ec5.dir/build.make CMakeFiles/cmTC_e1ec5.dir/build
make[1]: 进入目录“/home/ubuntu/catkin_ws/src/ORB_SLAM2_hh1/build/CMakeFiles/CMakeTmp”
Building C object CMakeFiles/cmTC_e1ec5.dir/CheckFunctionExists.c.o
/usr/bin/cc   -Wall  -O3 -march=native  -DCHECK_FUNCTION_EXISTS=pthread_create   -o CMakeFiles/cmTC_e1ec5.dir/CheckFunctionExists.c.o   -c /usr/share/cmake-3.10/Modules/CheckFunctionExists.c
Linking C executable cmTC_e1ec5
/usr/bin/cmake -E cmake_link_script CMakeFiles/cmTC_e1ec5.dir/link.txt --verbose=1
/usr/bin/cc   -Wall  -O3 -march=native  -DCHECK_FUNCTION_EXISTS=pthread_create    -rdynamic CMakeFiles/cmTC_e1ec5.dir/CheckFunctionExists.c.o  -o cmTC_e1ec5 -lpthreads 
/usr/bin/ld: 找不到 -lpthreads
collect2: error: ld returned 1 exit status
CMakeFiles/cmTC_e1ec5.dir/build.make:97: recipe for target 'cmTC_e1ec5' failed
make[1]: *** [cmTC_e1ec5] Error 1
make[1]: 离开目录“/home/ubuntu/catkin_ws/src/ORB_SLAM2_hh1/build/CMakeFiles/CMakeTmp”
Makefile:126: recipe for target 'cmTC_e1ec5/fast' failed
make: *** [cmTC_e1ec5/fast] Error 2


