Determining if the pthread_create exist failed with the following output:
Change Dir: /home/ubuntu/catkin_ws/src/ORB_SLAM2_hh/build/CMakeFiles/CMakeTmp

Run Build Command:"/usr/bin/make" "cmTC_a4b0d/fast"
/usr/bin/make -f CMakeFiles/cmTC_a4b0d.dir/build.make CMakeFiles/cmTC_a4b0d.dir/build
make[1]: 进入目录“/home/ubuntu/catkin_ws/src/ORB_SLAM2_hh/build/CMakeFiles/CMakeTmp”
Building C object CMakeFiles/cmTC_a4b0d.dir/CheckSymbolExists.c.o
/usr/bin/cc   -Wall  -O3 -march=native     -o CMakeFiles/cmTC_a4b0d.dir/CheckSymbolExists.c.o   -c /home/ubuntu/catkin_ws/src/ORB_SLAM2_hh/build/CMakeFiles/CMakeTmp/CheckSymbolExists.c
Linking C executable cmTC_a4b0d
/usr/bin/cmake -E cmake_link_script CMakeFiles/cmTC_a4b0d.dir/link.txt --verbose=1
/usr/bin/cc   -Wall  -O3 -march=native      -rdynamic CMakeFiles/cmTC_a4b0d.dir/CheckSymbolExists.c.o  -o cmTC_a4b0d 
CMakeFiles/cmTC_a4b0d.dir/CheckSymbolExists.c.o：在函数‘main’中：
CheckSymbolExists.c:(.text.startup+0x3)：对‘pthread_create’未定义的引用
collect2: error: ld returned 1 exit status
CMakeFiles/cmTC_a4b0d.dir/build.make:97: recipe for target 'cmTC_a4b0d' failed
make[1]: *** [cmTC_a4b0d] Error 1
make[1]: 离开目录“/home/ubuntu/catkin_ws/src/ORB_SLAM2_hh/build/CMakeFiles/CMakeTmp”
Makefile:126: recipe for target 'cmTC_a4b0d/fast' failed
make: *** [cmTC_a4b0d/fast] Error 2

File /home/ubuntu/catkin_ws/src/ORB_SLAM2_hh/build/CMakeFiles/CMakeTmp/CheckSymbolExists.c:
/* */
#include <pthread.h>

int main(int argc, char** argv)
{
  (void)argv;
#ifndef pthread_create
  return ((int*)(&pthread_create))[argc];
#else
  (void)argc;
  return 0;
#endif
}

Determining if the function pthread_create exists in the pthreads failed with the following output:
Change Dir: /home/ubuntu/catkin_ws/src/ORB_SLAM2_hh/build/CMakeFiles/CMakeTmp

Run Build Command:"/usr/bin/make" "cmTC_16df4/fast"
/usr/bin/make -f CMakeFiles/cmTC_16df4.dir/build.make CMakeFiles/cmTC_16df4.dir/build
make[1]: 进入目录“/home/ubuntu/catkin_ws/src/ORB_SLAM2_hh/build/CMakeFiles/CMakeTmp”
Building C object CMakeFiles/cmTC_16df4.dir/CheckFunctionExists.c.o
/usr/bin/cc   -Wall  -O3 -march=native  -DCHECK_FUNCTION_EXISTS=pthread_create   -o CMakeFiles/cmTC_16df4.dir/CheckFunctionExists.c.o   -c /usr/share/cmake-3.10/Modules/CheckFunctionExists.c
Linking C executable cmTC_16df4
/usr/bin/cmake -E cmake_link_script CMakeFiles/cmTC_16df4.dir/link.txt --verbose=1
/usr/bin/cc   -Wall  -O3 -march=native  -DCHECK_FUNCTION_EXISTS=pthread_create    -rdynamic CMakeFiles/cmTC_16df4.dir/CheckFunctionExists.c.o  -o cmTC_16df4 -lpthreads 
/usr/bin/ld: 找不到 -lpthreads
collect2: error: ld returned 1 exit status
CMakeFiles/cmTC_16df4.dir/build.make:97: recipe for target 'cmTC_16df4' failed
make[1]: *** [cmTC_16df4] Error 1
make[1]: 离开目录“/home/ubuntu/catkin_ws/src/ORB_SLAM2_hh/build/CMakeFiles/CMakeTmp”
Makefile:126: recipe for target 'cmTC_16df4/fast' failed
make: *** [cmTC_16df4/fast] Error 2


